<?xml version="1.0" encoding="UTF-8"?>
<testng-results skipped="1" failed="1" total="4" passed="2">
  <reporter-output>
  </reporter-output>
  <suite name="Suite1" duration-ms="70219" started-at="2017-04-02T03:31:22Z" finished-at="2017-04-02T03:32:32Z">
    <groups>
    </groups>
    <test name="testant" duration-ms="3903" started-at="2017-04-02T03:31:22Z" finished-at="2017-04-02T03:31:26Z">
      <class name="testant.TestingStart">
        <test-method status="PASS" signature="open()[pri:0, instance:testant.TestingStart@1e0a01f]" name="open" is-config="true" duration-ms="3038" started-at="2017-04-02T09:01:22Z" finished-at="2017-04-02T09:01:25Z">
          <reporter-output>
          </reporter-output>
        </test-method> <!-- open -->
        <test-method status="FAIL" signature="testmain()[pri:0, instance:testant.TestingStart@1e0a01f]" name="testmain" duration-ms="21" started-at="2017-04-02T09:01:25Z" finished-at="2017-04-02T09:01:25Z">
          <exception class="org.openqa.selenium.NoSuchWindowException">
            <message>
              <![CDATA[Unable to get browser (WARNING: The server did not provide any stacktrace information)
Command duration or timeout: 16 milliseconds
Build info: version: '2.53.1', revision: 'a36b8b1', time: '2016-06-30 17:37:03'
System info: host: 'HOME-PC', ip: '192.168.43.229', os.name: 'Windows 7', os.arch: 'x86', os.version: '6.1', java.version: '1.8.0_121'
Driver info: org.openqa.selenium.ie.InternetExplorerDriver
Capabilities [{browserAttachTimeout=0, ie.enableFullPageScreenshot=true, enablePersistentHover=true, ie.forceCreateProcessApi=false, ie.forceShellWindowsApi=false, pageLoadStrategy=normal, ignoreZoomSetting=false, ie.fileUploadDialogTimeout=3000, version=11, platform=WINDOWS, nativeEvents=true, ie.ensureCleanSession=false, elementScrollBehavior=0, ie.browserCommandLineSwitches=, requireWindowFocus=false, browserName=internet explorer, initialBrowserUrl=http://localhost:7158/, javascriptEnabled=true, ignoreProtectedModeSettings=false, enableElementCacheCleanup=true, unexpectedAlertBehaviour=dismiss}]
Session ID: 33baa30c-ef98-4fc9-9471-d77fbec840a8]]>
            </message>
            <full-stacktrace>
              <![CDATA[org.openqa.selenium.NoSuchWindowException: Unable to get browser (WARNING: The server did not provide any stacktrace information)
Command duration or timeout: 16 milliseconds
Build info: version: '2.53.1', revision: 'a36b8b1', time: '2016-06-30 17:37:03'
System info: host: 'HOME-PC', ip: '192.168.43.229', os.name: 'Windows 7', os.arch: 'x86', os.version: '6.1', java.version: '1.8.0_121'
Driver info: org.openqa.selenium.ie.InternetExplorerDriver
Capabilities [{browserAttachTimeout=0, ie.enableFullPageScreenshot=true, enablePersistentHover=true, ie.forceCreateProcessApi=false, ie.forceShellWindowsApi=false, pageLoadStrategy=normal, ignoreZoomSetting=false, ie.fileUploadDialogTimeout=3000, version=11, platform=WINDOWS, nativeEvents=true, ie.ensureCleanSession=false, elementScrollBehavior=0, ie.browserCommandLineSwitches=, requireWindowFocus=false, browserName=internet explorer, initialBrowserUrl=http://localhost:7158/, javascriptEnabled=true, ignoreProtectedModeSettings=false, enableElementCacheCleanup=true, unexpectedAlertBehaviour=dismiss}]
Session ID: 33baa30c-ef98-4fc9-9471-d77fbec840a8
	at sun.reflect.NativeConstructorAccessorImpl.newInstance0(Native Method)
	at sun.reflect.NativeConstructorAccessorImpl.newInstance(NativeConstructorAccessorImpl.java:62)
	at sun.reflect.DelegatingConstructorAccessorImpl.newInstance(DelegatingConstructorAccessorImpl.java:45)
	at java.lang.reflect.Constructor.newInstance(Constructor.java:423)
	at org.openqa.selenium.remote.ErrorHandler.createThrowable(ErrorHandler.java:206)
	at org.openqa.selenium.remote.ErrorHandler.throwIfResponseFailed(ErrorHandler.java:158)
	at org.openqa.selenium.remote.RemoteWebDriver.execute(RemoteWebDriver.java:678)
	at org.openqa.selenium.remote.RemoteWebDriver.execute(RemoteWebDriver.java:701)
	at org.openqa.selenium.remote.RemoteWebDriver.getTitle(RemoteWebDriver.java:320)
	at testant.TestingStart.testmain(Unknown Source)
	at sun.reflect.NativeMethodAccessorImpl.invoke0(Native Method)
	at sun.reflect.NativeMethodAccessorImpl.invoke(NativeMethodAccessorImpl.java:62)
	at sun.reflect.DelegatingMethodAccessorImpl.invoke(DelegatingMethodAccessorImpl.java:43)
	at java.lang.reflect.Method.invoke(Method.java:498)
	at org.testng.internal.MethodInvocationHelper.invokeMethod(MethodInvocationHelper.java:85)
	at org.testng.internal.Invoker.invokeMethod(Invoker.java:639)
	at org.testng.internal.Invoker.invokeTestMethod(Invoker.java:816)
	at org.testng.internal.Invoker.invokeTestMethods(Invoker.java:1124)
	at org.testng.internal.TestMethodWorker.invokeTestMethods(TestMethodWorker.java:125)
	at org.testng.internal.TestMethodWorker.run(TestMethodWorker.java:108)
	at org.testng.TestRunner.privateRun(TestRunner.java:774)
	at org.testng.TestRunner.run(TestRunner.java:624)
	at org.testng.SuiteRunner.runTest(SuiteRunner.java:359)
	at org.testng.SuiteRunner.runSequentially(SuiteRunner.java:354)
	at org.testng.SuiteRunner.privateRun(SuiteRunner.java:312)
	at org.testng.SuiteRunner.run(SuiteRunner.java:261)
	at org.testng.SuiteRunnerWorker.runSuite(SuiteRunnerWorker.java:52)
	at org.testng.SuiteRunnerWorker.run(SuiteRunnerWorker.java:86)
	at org.testng.TestNG.runSuitesSequentially(TestNG.java:1215)
	at org.testng.TestNG.runSuitesLocally(TestNG.java:1140)
	at org.testng.TestNG.run(TestNG.java:1048)
	at org.testng.TestNG.privateMain(TestNG.java:1355)
	at org.testng.TestNG.main(TestNG.java:1324)
]]>
            </full-stacktrace>
          </exception> <!-- org.openqa.selenium.NoSuchWindowException -->
          <reporter-output>
          </reporter-output>
        </test-method> <!-- testmain -->
        <test-method status="PASS" signature="close()[pri:0, instance:testant.TestingStart@1e0a01f]" name="close" is-config="true" duration-ms="832" started-at="2017-04-02T09:01:25Z" finished-at="2017-04-02T09:01:26Z">
          <reporter-output>
          </reporter-output>
        </test-method> <!-- close -->
      </class> <!-- testant.TestingStart -->
    </test> <!-- testant -->
    <test name="testproj2" duration-ms="11428" started-at="2017-04-02T03:31:26Z" finished-at="2017-04-02T03:31:37Z">
      <class name="testant.TestingStart2">
        <test-method status="PASS" signature="open()[pri:0, instance:testant.TestingStart2@4aed64]" name="open" is-config="true" duration-ms="10635" started-at="2017-04-02T09:01:26Z" finished-at="2017-04-02T09:01:36Z">
          <reporter-output>
          </reporter-output>
        </test-method> <!-- open -->
        <test-method status="PASS" signature="testmain()[pri:0, instance:testant.TestingStart2@4aed64]" name="testmain" duration-ms="20" started-at="2017-04-02T09:01:36Z" finished-at="2017-04-02T09:01:36Z">
          <reporter-output>
          </reporter-output>
        </test-method> <!-- testmain -->
        <test-method status="PASS" signature="close()[pri:0, instance:testant.TestingStart2@4aed64]" name="close" is-config="true" duration-ms="773" started-at="2017-04-02T09:01:36Z" finished-at="2017-04-02T09:01:37Z">
          <reporter-output>
          </reporter-output>
        </test-method> <!-- close -->
      </class> <!-- testant.TestingStart2 -->
    </test> <!-- testproj2 -->
    <test name="testproj3" duration-ms="46491" started-at="2017-04-02T03:31:37Z" finished-at="2017-04-02T03:32:23Z">
      <class name="testant.TestingStart3">
        <test-method status="FAIL" signature="open()[pri:0, instance:testant.TestingStart3@1412c2f]" name="open" is-config="true" duration-ms="0" started-at="2017-04-02T09:01:37Z" finished-at="2017-04-02T09:01:37Z">
          <exception class="org.openqa.selenium.WebDriverException">
            <message>
              <![CDATA[Failed to connect to binary FirefoxBinary(C:\Program Files (x86)\Mozilla Firefox\firefox.exe) on port 7055; process output follows: 
le":true,"active":true,"userDisabled":false,"appDisabled":false,"descriptor":"C:\\Program Files (x86)\\Mozilla Firefox\\browser\\extensions\\{972ce4c6-7e08-4474-a285-3208198ce6fd}.xpi","installDate":1490336802251,"updateDate":1490336802251,"applyBackgroundUpdates":1,"skinnable":true,"size":19587,"sourceURI":null,"releaseNotesURI":null,"softDisabled":false,"foreignInstall":false,"hasBinaryComponents":false,"strictCompatibility":true,"locales":[],"targetApplications":[{"id":"{ec8030f7-c20a-464f-9b0e-13a3a9e97384}","minVersion":"52.0.1","maxVersion":"52.0.1"}],"targetPlatforms":[],"seen":true,"dependencies":[],"hasEmbeddedWebExtension":false}
1491103900122	addons.xpi	DEBUG	getModTime: Recursive scan of {972ce4c6-7e08-4474-a285-3208198ce6fd}
1491103900123	DeferredSave.extensions.json	DEBUG	Save changes
1491103900123	addons.xpi	DEBUG	Updating database with changes to installed add-ons
1491103900123	addons.xpi-utils	DEBUG	Updating add-on states
1491103900124	addons.xpi-utils	DEBUG	Writing add-ons list
1491103900126	addons.xpi	DEBUG	Registering manifest for C:\Program Files (x86)\Mozilla Firefox\browser\features\aushelper@mozilla.org.xpi
1491103900127	addons.xpi	DEBUG	Calling bootstrap method startup on aushelper@mozilla.org version 2.0
1491103900129	addons.xpi	DEBUG	Registering manifest for C:\Program Files (x86)\Mozilla Firefox\browser\features\e10srollout@mozilla.org.xpi
1491103900130	addons.xpi	DEBUG	Calling bootstrap method startup on e10srollout@mozilla.org version 1.9
1491103900131	addons.xpi	DEBUG	Registering manifest for C:\Program Files (x86)\Mozilla Firefox\browser\features\firefox@getpocket.com.xpi
1491103900132	addons.xpi	DEBUG	Calling bootstrap method startup on firefox@getpocket.com version 1.0.5
1491103900133	addons.xpi	DEBUG	Registering manifest for C:\Program Files (x86)\Mozilla Firefox\browser\features\webcompat@mozilla.org.xpi
1491103900134	addons.xpi	DEBUG	Calling bootstrap method startup on webcompat@mozilla.org version 1.0
1491103900138	addons.manager	DEBUG	Registering shutdown blocker for XPIProvider
1491103900138	addons.manager	DEBUG	Provider finished startup: XPIProvider
1491103900139	addons.manager	DEBUG	Starting provider: LightweightThemeManager
1491103900139	addons.manager	DEBUG	Registering shutdown blocker for LightweightThemeManager
1491103900139	addons.manager	DEBUG	Provider finished startup: LightweightThemeManager
1491103900140	addons.manager	DEBUG	Starting provider: GMPProvider
1491103900149	addons.manager	DEBUG	Registering shutdown blocker for GMPProvider
1491103900149	addons.manager	DEBUG	Provider finished startup: GMPProvider
1491103900150	addons.manager	DEBUG	Starting provider: PluginProvider
1491103900151	addons.manager	DEBUG	Registering shutdown blocker for PluginProvider
1491103900151	addons.manager	DEBUG	Provider finished startup: PluginProvider
1491103900152	addons.manager	DEBUG	Completed startup sequence
1491103902889	addons.manager	DEBUG	Starting provider: <unnamed-provider>
1491103902890	addons.manager	DEBUG	Registering shutdown blocker for <unnamed-provider>
1491103902891	addons.manager	DEBUG	Provider finished startup: <unnamed-provider>
1491103903146	DeferredSave.extensions.json	DEBUG	Write succeeded
1491103903146	addons.xpi-utils	DEBUG	XPI Database saved, setting schema version preference to 19
1491103903146	DeferredSave.extensions.json	DEBUG	Starting timer
1491103903168	DeferredSave.extensions.json	DEBUG	Starting write
1491103903176	addons.repository	DEBUG	No addons.json found.
1491103903177	DeferredSave.addons.json	DEBUG	Save changes
1491103903180	DeferredSave.addons.json	DEBUG	Starting timer
1491103903206	addons.manager	DEBUG	Starting provider: PreviousExperimentProvider
1491103903206	addons.manager	DEBUG	Registering shutdown blocker for PreviousExperimentProvider
1491103903206	addons.manager	DEBUG	Provider finished startup: PreviousExperimentProvider
1491103903217	DeferredSave.extensions.json	DEBUG	Write succeeded
1491103903239	DeferredSave.addons.json	DEBUG	Starting write
1491103903251	DeferredSave.addons.json	DEBUG	Write succeeded

Build info: version: '2.53.1', revision: 'a36b8b1', time: '2016-06-30 17:37:03'
System info: host: 'HOME-PC', ip: '192.168.43.229', os.name: 'Windows 7', os.arch: 'x86', os.version: '6.1', java.version: '1.8.0_121'
Driver info: driver.version: FirefoxDriver]]>
            </message>
            <full-stacktrace>
              <![CDATA[org.openqa.selenium.WebDriverException: Failed to connect to binary FirefoxBinary(C:\Program Files (x86)\Mozilla Firefox\firefox.exe) on port 7055; process output follows: 
le":true,"active":true,"userDisabled":false,"appDisabled":false,"descriptor":"C:\\Program Files (x86)\\Mozilla Firefox\\browser\\extensions\\{972ce4c6-7e08-4474-a285-3208198ce6fd}.xpi","installDate":1490336802251,"updateDate":1490336802251,"applyBackgroundUpdates":1,"skinnable":true,"size":19587,"sourceURI":null,"releaseNotesURI":null,"softDisabled":false,"foreignInstall":false,"hasBinaryComponents":false,"strictCompatibility":true,"locales":[],"targetApplications":[{"id":"{ec8030f7-c20a-464f-9b0e-13a3a9e97384}","minVersion":"52.0.1","maxVersion":"52.0.1"}],"targetPlatforms":[],"seen":true,"dependencies":[],"hasEmbeddedWebExtension":false}
1491103900122	addons.xpi	DEBUG	getModTime: Recursive scan of {972ce4c6-7e08-4474-a285-3208198ce6fd}
1491103900123	DeferredSave.extensions.json	DEBUG	Save changes
1491103900123	addons.xpi	DEBUG	Updating database with changes to installed add-ons
1491103900123	addons.xpi-utils	DEBUG	Updating add-on states
1491103900124	addons.xpi-utils	DEBUG	Writing add-ons list
1491103900126	addons.xpi	DEBUG	Registering manifest for C:\Program Files (x86)\Mozilla Firefox\browser\features\aushelper@mozilla.org.xpi
1491103900127	addons.xpi	DEBUG	Calling bootstrap method startup on aushelper@mozilla.org version 2.0
1491103900129	addons.xpi	DEBUG	Registering manifest for C:\Program Files (x86)\Mozilla Firefox\browser\features\e10srollout@mozilla.org.xpi
1491103900130	addons.xpi	DEBUG	Calling bootstrap method startup on e10srollout@mozilla.org version 1.9
1491103900131	addons.xpi	DEBUG	Registering manifest for C:\Program Files (x86)\Mozilla Firefox\browser\features\firefox@getpocket.com.xpi
1491103900132	addons.xpi	DEBUG	Calling bootstrap method startup on firefox@getpocket.com version 1.0.5
1491103900133	addons.xpi	DEBUG	Registering manifest for C:\Program Files (x86)\Mozilla Firefox\browser\features\webcompat@mozilla.org.xpi
1491103900134	addons.xpi	DEBUG	Calling bootstrap method startup on webcompat@mozilla.org version 1.0
1491103900138	addons.manager	DEBUG	Registering shutdown blocker for XPIProvider
1491103900138	addons.manager	DEBUG	Provider finished startup: XPIProvider
1491103900139	addons.manager	DEBUG	Starting provider: LightweightThemeManager
1491103900139	addons.manager	DEBUG	Registering shutdown blocker for LightweightThemeManager
1491103900139	addons.manager	DEBUG	Provider finished startup: LightweightThemeManager
1491103900140	addons.manager	DEBUG	Starting provider: GMPProvider
1491103900149	addons.manager	DEBUG	Registering shutdown blocker for GMPProvider
1491103900149	addons.manager	DEBUG	Provider finished startup: GMPProvider
1491103900150	addons.manager	DEBUG	Starting provider: PluginProvider
1491103900151	addons.manager	DEBUG	Registering shutdown blocker for PluginProvider
1491103900151	addons.manager	DEBUG	Provider finished startup: PluginProvider
1491103900152	addons.manager	DEBUG	Completed startup sequence
1491103902889	addons.manager	DEBUG	Starting provider: <unnamed-provider>
1491103902890	addons.manager	DEBUG	Registering shutdown blocker for <unnamed-provider>
1491103902891	addons.manager	DEBUG	Provider finished startup: <unnamed-provider>
1491103903146	DeferredSave.extensions.json	DEBUG	Write succeeded
1491103903146	addons.xpi-utils	DEBUG	XPI Database saved, setting schema version preference to 19
1491103903146	DeferredSave.extensions.json	DEBUG	Starting timer
1491103903168	DeferredSave.extensions.json	DEBUG	Starting write
1491103903176	addons.repository	DEBUG	No addons.json found.
1491103903177	DeferredSave.addons.json	DEBUG	Save changes
1491103903180	DeferredSave.addons.json	DEBUG	Starting timer
1491103903206	addons.manager	DEBUG	Starting provider: PreviousExperimentProvider
1491103903206	addons.manager	DEBUG	Registering shutdown blocker for PreviousExperimentProvider
1491103903206	addons.manager	DEBUG	Provider finished startup: PreviousExperimentProvider
1491103903217	DeferredSave.extensions.json	DEBUG	Write succeeded
1491103903239	DeferredSave.addons.json	DEBUG	Starting write
1491103903251	DeferredSave.addons.json	DEBUG	Write succeeded

Build info: version: '2.53.1', revision: 'a36b8b1', time: '2016-06-30 17:37:03'
System info: host: 'HOME-PC', ip: '192.168.43.229', os.name: 'Windows 7', os.arch: 'x86', os.version: '6.1', java.version: '1.8.0_121'
Driver info: driver.version: FirefoxDriver
	at org.openqa.selenium.firefox.internal.NewProfileExtensionConnection.start(NewProfileExtensionConnection.java:124)
	at org.openqa.selenium.firefox.FirefoxDriver.startClient(FirefoxDriver.java:271)
	at org.openqa.selenium.remote.RemoteWebDriver.<init>(RemoteWebDriver.java:119)
	at org.openqa.selenium.firefox.FirefoxDriver.<init>(FirefoxDriver.java:218)
	at org.openqa.selenium.firefox.FirefoxDriver.<init>(FirefoxDriver.java:211)
	at org.openqa.selenium.firefox.FirefoxDriver.<init>(FirefoxDriver.java:207)
	at org.openqa.selenium.firefox.FirefoxDriver.<init>(FirefoxDriver.java:120)
	at testant.TestingStart3.open(Unknown Source)
	at sun.reflect.NativeMethodAccessorImpl.invoke0(Native Method)
	at sun.reflect.NativeMethodAccessorImpl.invoke(NativeMethodAccessorImpl.java:62)
	at sun.reflect.DelegatingMethodAccessorImpl.invoke(DelegatingMethodAccessorImpl.java:43)
	at java.lang.reflect.Method.invoke(Method.java:498)
	at org.testng.internal.MethodInvocationHelper.invokeMethod(MethodInvocationHelper.java:85)
	at org.testng.internal.Invoker.invokeConfigurationMethod(Invoker.java:510)
	at org.testng.internal.Invoker.invokeConfigurations(Invoker.java:211)
	at org.testng.internal.Invoker.invokeMethod(Invoker.java:585)
	at org.testng.internal.Invoker.invokeTestMethod(Invoker.java:816)
	at org.testng.internal.Invoker.invokeTestMethods(Invoker.java:1124)
	at org.testng.internal.TestMethodWorker.invokeTestMethods(TestMethodWorker.java:125)
	at org.testng.internal.TestMethodWorker.run(TestMethodWorker.java:108)
	at org.testng.TestRunner.privateRun(TestRunner.java:774)
	at org.testng.TestRunner.run(TestRunner.java:624)
	at org.testng.SuiteRunner.runTest(SuiteRunner.java:359)
	at org.testng.SuiteRunner.runSequentially(SuiteRunner.java:354)
	at org.testng.SuiteRunner.privateRun(SuiteRunner.java:312)
	at org.testng.SuiteRunner.run(SuiteRunner.java:261)
	at org.testng.SuiteRunnerWorker.runSuite(SuiteRunnerWorker.java:52)
	at org.testng.SuiteRunnerWorker.run(SuiteRunnerWorker.java:86)
	at org.testng.TestNG.runSuitesSequentially(TestNG.java:1215)
	at org.testng.TestNG.runSuitesLocally(TestNG.java:1140)
	at org.testng.TestNG.run(TestNG.java:1048)
	at org.testng.TestNG.privateMain(TestNG.java:1355)
	at org.testng.TestNG.main(TestNG.java:1324)
Caused by: org.openqa.selenium.firefox.NotConnectedException: Unable to connect to host 127.0.0.1 on port 7055 after 45000 ms. Firefox console output:
le":true,"active":true,"userDisabled":false,"appDisabled":false,"descriptor":"C:\\Program Files (x86)\\Mozilla Firefox\\browser\\extensions\\{972ce4c6-7e08-4474-a285-3208198ce6fd}.xpi","installDate":1490336802251,"updateDate":1490336802251,"applyBackgroundUpdates":1,"skinnable":true,"size":19587,"sourceURI":null,"releaseNotesURI":null,"softDisabled":false,"foreignInstall":false,"hasBinaryComponents":false,"strictCompatibility":true,"locales":[],"targetApplications":[{"id":"{ec8030f7-c20a-464f-9b0e-13a3a9e97384}","minVersion":"52.0.1","maxVersion":"52.0.1"}],"targetPlatforms":[],"seen":true,"dependencies":[],"hasEmbeddedWebExtension":false}
1491103900122	addons.xpi	DEBUG	getModTime: Recursive scan of {972ce4c6-7e08-4474-a285-3208198ce6fd}
1491103900123	DeferredSave.extensions.json	DEBUG	Save changes
1491103900123	addons.xpi	DEBUG	Updating database with changes to installed add-ons
1491103900123	addons.xpi-utils	DEBUG	Updating add-on states
1491103900124	addons.xpi-utils	DEBUG	Writing add-ons list
1491103900126	addons.xpi	DEBUG	Registering manifest for C:\Program Files (x86)\Mozilla Firefox\browser\features\aushelper@mozilla.org.xpi
1491103900127	addons.xpi	DEBUG	Calling bootstrap method startup on aushelper@mozilla.org version 2.0
1491103900129	addons.xpi	DEBUG	Registering manifest for C:\Program Files (x86)\Mozilla Firefox\browser\features\e10srollout@mozilla.org.xpi
1491103900130	addons.xpi	DEBUG	Calling bootstrap method startup on e10srollout@mozilla.org version 1.9
1491103900131	addons.xpi	DEBUG	Registering manifest for C:\Program Files (x86)\Mozilla Firefox\browser\features\firefox@getpocket.com.xpi
1491103900132	addons.xpi	DEBUG	Calling bootstrap method startup on firefox@getpocket.com version 1.0.5
1491103900133	addons.xpi	DEBUG	Registering manifest for C:\Program Files (x86)\Mozilla Firefox\browser\features\webcompat@mozilla.org.xpi
1491103900134	addons.xpi	DEBUG	Calling bootstrap method startup on webcompat@mozilla.org version 1.0
1491103900138	addons.manager	DEBUG	Registering shutdown blocker for XPIProvider
1491103900138	addons.manager	DEBUG	Provider finished startup: XPIProvider
1491103900139	addons.manager	DEBUG	Starting provider: LightweightThemeManager
1491103900139	addons.manager	DEBUG	Registering shutdown blocker for LightweightThemeManager
1491103900139	addons.manager	DEBUG	Provider finished startup: LightweightThemeManager
1491103900140	addons.manager	DEBUG	Starting provider: GMPProvider
1491103900149	addons.manager	DEBUG	Registering shutdown blocker for GMPProvider
1491103900149	addons.manager	DEBUG	Provider finished startup: GMPProvider
1491103900150	addons.manager	DEBUG	Starting provider: PluginProvider
1491103900151	addons.manager	DEBUG	Registering shutdown blocker for PluginProvider
1491103900151	addons.manager	DEBUG	Provider finished startup: PluginProvider
1491103900152	addons.manager	DEBUG	Completed startup sequence
1491103902889	addons.manager	DEBUG	Starting provider: <unnamed-provider>
1491103902890	addons.manager	DEBUG	Registering shutdown blocker for <unnamed-provider>
1491103902891	addons.manager	DEBUG	Provider finished startup: <unnamed-provider>
1491103903146	DeferredSave.extensions.json	DEBUG	Write succeeded
1491103903146	addons.xpi-utils	DEBUG	XPI Database saved, setting schema version preference to 19
1491103903146	DeferredSave.extensions.json	DEBUG	Starting timer
1491103903168	DeferredSave.extensions.json	DEBUG	Starting write
1491103903176	addons.repository	DEBUG	No addons.json found.
1491103903177	DeferredSave.addons.json	DEBUG	Save changes
1491103903180	DeferredSave.addons.json	DEBUG	Starting timer
1491103903206	addons.manager	DEBUG	Starting provider: PreviousExperimentProvider
1491103903206	addons.manager	DEBUG	Registering shutdown blocker for PreviousExperimentProvider
1491103903206	addons.manager	DEBUG	Provider finished startup: PreviousExperimentProvider
1491103903217	DeferredSave.extensions.json	DEBUG	Write succeeded
1491103903239	DeferredSave.addons.json	DEBUG	Starting write
1491103903251	DeferredSave.addons.json	DEBUG	Write succeeded

	at org.openqa.selenium.firefox.internal.NewProfileExtensionConnection.start(NewProfileExtensionConnection.java:112)
	... 32 more
]]>
            </full-stacktrace>
          </exception> <!-- org.openqa.selenium.WebDriverException -->
          <reporter-output>
          </reporter-output>
        </test-method> <!-- open -->
        <test-method status="SKIP" signature="testmain()[pri:0, instance:testant.TestingStart3@1412c2f]" name="testmain" duration-ms="0" started-at="2017-04-02T09:02:23Z" finished-at="2017-04-02T09:02:23Z">
          <reporter-output>
          </reporter-output>
        </test-method> <!-- testmain -->
        <test-method status="SKIP" signature="close()[pri:0, instance:testant.TestingStart3@1412c2f]" name="close" is-config="true" duration-ms="0" started-at="2017-04-02T09:02:23Z" finished-at="2017-04-02T09:02:23Z">
          <reporter-output>
          </reporter-output>
        </test-method> <!-- close -->
      </class> <!-- testant.TestingStart3 -->
    </test> <!-- testproj3 -->
    <test name="testproj4" duration-ms="8350" started-at="2017-04-02T03:32:23Z" finished-at="2017-04-02T03:32:32Z">
      <class name="testant.FEBTWELVE">
        <test-method status="PASS" signature="open()[pri:0, instance:testant.FEBTWELVE@3bf400]" name="open" is-config="true" duration-ms="8015" started-at="2017-04-02T09:02:23Z" finished-at="2017-04-02T09:02:32Z">
          <reporter-output>
          </reporter-output>
        </test-method> <!-- open -->
        <test-method status="PASS" signature="testmain()[pri:0, instance:testant.FEBTWELVE@3bf400]" name="testmain" duration-ms="334" started-at="2017-04-02T09:02:32Z" finished-at="2017-04-02T09:02:32Z">
          <reporter-output>
          </reporter-output>
        </test-method> <!-- testmain -->
        <test-method status="PASS" signature="close()[pri:0, instance:testant.FEBTWELVE@3bf400]" name="close" is-config="true" duration-ms="0" started-at="2017-04-02T09:02:32Z" finished-at="2017-04-02T09:02:32Z">
          <reporter-output>
          </reporter-output>
        </test-method> <!-- close -->
      </class> <!-- testant.FEBTWELVE -->
    </test> <!-- testproj4 -->
  </suite> <!-- Suite1 -->
</testng-results>
